d:\workspace\shader\source\mydirectx\3_shader\engine\engine\debug\vc142.pdb
d:\workspace\shader\source\mydirectx\3_shader\engine\engine\debug\vc142.idb
d:\workspace\shader\source\mydirectx\3_shader\engine\engine\debug\inputclass.obj
d:\workspace\shader\source\mydirectx\3_shader\engine\engine\debug\modelclass.obj
d:\workspace\shader\source\mydirectx\3_shader\engine\engine\debug\d3dclass.obj
d:\workspace\shader\source\mydirectx\3_shader\engine\engine\debug\cameraclass.obj
d:\workspace\shader\source\mydirectx\3_shader\engine\engine\debug\systemclass.obj
d:\workspace\shader\source\mydirectx\3_shader\engine\engine\debug\main.obj
d:\workspace\shader\source\mydirectx\3_shader\engine\engine\debug\graphicsclass.obj
d:\workspace\shader\source\mydirectx\3_shader\engine\engine\debug\colorshaderclass.obj
d:\workspace\shader\source\mydirectx\4_texture\engine\engine\debug\vc142.pdb
d:\workspace\shader\source\mydirectx\4_texture\engine\engine\debug\vc142.idb
d:\workspace\shader\source\mydirectx\4_texture\engine\engine\debug\systemclass.obj
d:\workspace\shader\source\mydirectx\4_texture\engine\engine\debug\modelclass.obj
d:\workspace\shader\source\mydirectx\4_texture\engine\engine\debug\main.obj
d:\workspace\shader\source\mydirectx\4_texture\engine\engine\debug\inputclass.obj
d:\workspace\shader\source\mydirectx\4_texture\engine\engine\debug\graphicsclass.obj
d:\workspace\shader\source\mydirectx\4_texture\engine\engine\debug\d3dclass.obj
d:\workspace\shader\source\mydirectx\4_texture\engine\engine\debug\textureshaderclass.obj
d:\workspace\shader\source\mydirectx\4_texture\engine\engine\debug\cameraclass.obj
d:\workspace\shader\source\mydirectx\4_texture\engine\engine\debug\textureclass.obj
d:\workspace\shader\source\mydirectx\5_light\engine\engine\debug\vc142.pdb
d:\workspace\shader\source\mydirectx\5_light\engine\engine\debug\vc142.idb
d:\workspace\shader\source\mydirectx\5_light\engine\engine\debug\systemclass.obj
d:\workspace\shader\source\mydirectx\5_light\engine\engine\debug\modelclass.obj
d:\workspace\shader\source\mydirectx\5_light\engine\engine\debug\main.obj
d:\workspace\shader\source\mydirectx\5_light\engine\engine\debug\inputclass.obj
d:\workspace\shader\source\mydirectx\5_light\engine\engine\debug\graphicsclass.obj
d:\workspace\shader\source\mydirectx\5_light\engine\engine\debug\d3dclass.obj
d:\workspace\shader\source\mydirectx\5_light\engine\engine\debug\textureshaderclass.obj
d:\workspace\shader\source\mydirectx\5_light\engine\engine\debug\textureclass.obj
d:\workspace\shader\source\mydirectx\5_light\engine\engine\debug\cameraclass.obj
d:\workspace\shader\source\mydirectx\5_light\engine\engine\debug\lightshaderclass.obj
d:\workspace\shader\source\mydirectx\5_light\engine\engine\debug\lightclass.obj
d:\workspace\shader\source\mydirectx\10_2drendering\engine\engine\debug\vc142.pdb
d:\workspace\shader\source\mydirectx\10_2drendering\engine\engine\debug\vc142.idb
d:\workspace\shader\source\mydirectx\10_2drendering\engine\engine\debug\systemclass.obj
d:\workspace\shader\source\mydirectx\10_2drendering\engine\engine\debug\main.obj
d:\workspace\shader\source\mydirectx\10_2drendering\engine\engine\debug\inputclass.obj
d:\workspace\shader\source\mydirectx\10_2drendering\engine\engine\debug\graphicsclass.obj
d:\workspace\shader\source\mydirectx\10_2drendering\engine\engine\debug\d3dclass.obj
d:\workspace\shader\source\mydirectx\10_2drendering\engine\engine\debug\lightshaderclass.obj
d:\workspace\shader\source\mydirectx\10_2drendering\engine\engine\debug\textureclass.obj
d:\workspace\shader\source\mydirectx\10_2drendering\engine\engine\debug\lightclass.obj
d:\workspace\shader\source\mydirectx\10_2drendering\engine\engine\debug\cameraclass.obj
d:\workspace\shader\source\mydirectx\10_2drendering\engine\engine\debug\bitmapclass.obj
d:\workspace\shader\source\mydirectx\10_2drendering\engine\engine\debug\textureshaderclass.obj
d:\workspace\shader\source\mydirectx\11_font\engine\engine\debug\vc142.pdb
d:\workspace\shader\source\mydirectx\11_font\engine\engine\debug\vc142.idb
d:\workspace\shader\source\mydirectx\11_font\engine\engine\debug\inputclass.obj
d:\workspace\shader\source\mydirectx\11_font\engine\engine\debug\d3dclass.obj
d:\workspace\shader\source\mydirectx\11_font\engine\engine\debug\fontshaderclass.obj
d:\workspace\shader\source\mydirectx\11_font\engine\engine\debug\textureclass.obj
d:\workspace\shader\source\mydirectx\11_font\engine\engine\debug\cameraclass.obj
d:\workspace\shader\source\mydirectx\11_font\engine\engine\debug\fontclass.obj
d:\workspace\shader\source\mydirectx\11_font\engine\engine\debug\systemclass.obj
d:\workspace\shader\source\mydirectx\11_font\engine\engine\debug\main.obj
d:\workspace\shader\source\mydirectx\11_font\engine\engine\debug\graphicsclass.obj
d:\workspace\shader\source\mydirectx\11_font\engine\engine\debug\textclass.obj
d:\workspace\shader\source\mydirectx\12_directinput\engine\engine\debug\vc142.pdb
d:\workspace\shader\source\mydirectx\12_directinput\engine\engine\debug\vc142.idb
d:\workspace\shader\source\mydirectx\12_directinput\engine\engine\debug\main.obj
d:\workspace\shader\source\mydirectx\12_directinput\engine\engine\debug\inputclass.obj
d:\workspace\shader\source\mydirectx\12_directinput\engine\engine\debug\graphicsclass.obj
d:\workspace\shader\source\mydirectx\12_directinput\engine\engine\debug\d3dclass.obj
d:\workspace\shader\source\mydirectx\12_directinput\engine\engine\debug\fontshaderclass.obj
d:\workspace\shader\source\mydirectx\12_directinput\engine\engine\debug\textureclass.obj
d:\workspace\shader\source\mydirectx\12_directinput\engine\engine\debug\textclass.obj
d:\workspace\shader\source\mydirectx\12_directinput\engine\engine\debug\cameraclass.obj
d:\workspace\shader\source\mydirectx\12_directinput\engine\engine\debug\fontclass.obj
d:\workspace\shader\source\mydirectx\12_directinput\engine\engine\debug\systemclass.obj
d:\workspace\shader\source\mydirectx\12_directinput\engine\engine\debug\sound.obj
d:\workspace\shader\source\mydirectx\14_frustum\engine\engine\debug\vc142.pdb
d:\workspace\shader\source\mydirectx\14_frustum\engine\engine\debug\vc142.idb
d:\workspace\shader\source\mydirectx\14_frustum\engine\engine\debug\inputclass.obj
d:\workspace\shader\source\mydirectx\3_shader\engine\debug\engine.exe
d:\workspace\shader\source\mydirectx\3_shader\engine\engine\debug\engine.ilk
d:\workspace\shader\source\mydirectx\3_shader\engine\debug\engine.pdb
d:\workspace\shader\source\mydirectx\4_texture\engine\debug\engine.exe
d:\workspace\shader\source\mydirectx\4_texture\engine\engine\debug\engine.ilk
d:\workspace\shader\source\mydirectx\4_texture\engine\debug\engine.pdb
d:\workspace\shader\source\mydirectx\5_light\engine\debug\engine.exe
d:\workspace\shader\source\mydirectx\5_light\engine\engine\debug\engine.ilk
d:\workspace\shader\source\mydirectx\5_light\engine\debug\engine.pdb
d:\workspace\shader\source\mydirectx\10_2drendering\engine\debug\engine.exe
d:\workspace\shader\source\mydirectx\10_2drendering\engine\engine\debug\engine.ilk
d:\workspace\shader\source\mydirectx\10_2drendering\engine\debug\engine.pdb
d:\workspace\shader\source\mydirectx\11_font\engine\debug\engine.exe
d:\workspace\shader\source\mydirectx\11_font\engine\engine\debug\engine.ilk
d:\workspace\shader\source\mydirectx\11_font\engine\debug\engine.pdb
d:\workspace\shader\source\mydirectx\12_directinput\engine\debug\engine.exe
d:\workspace\shader\source\mydirectx\12_directinput\engine\engine\debug\engine.ilk
d:\workspace\shader\source\mydirectx\12_directinput\engine\debug\engine.pdb
d:\workspace\shader\source\mydirectx\14_frustum\engine\engine\debug\bitmapclass.obj
d:\workspace\shader\source\mydirectx\14_frustum\engine\engine\debug\cameraclass.obj
d:\workspace\shader\source\mydirectx\14_frustum\engine\engine\debug\colorshaderclass.obj
d:\workspace\shader\source\mydirectx\14_frustum\engine\engine\debug\d3dclass.obj
d:\workspace\shader\source\mydirectx\14_frustum\engine\engine\debug\fontclass.obj
d:\workspace\shader\source\mydirectx\14_frustum\engine\engine\debug\fontshaderclass.obj
d:\workspace\shader\source\mydirectx\14_frustum\engine\engine\debug\graphicsclass.obj
d:\workspace\shader\source\mydirectx\14_frustum\engine\engine\debug\lightclass.obj
d:\workspace\shader\source\mydirectx\14_frustum\engine\engine\debug\lightshaderclass.obj
d:\workspace\shader\source\mydirectx\14_frustum\engine\engine\debug\main.obj
d:\workspace\shader\source\mydirectx\14_frustum\engine\engine\debug\modelclass.obj
d:\workspace\shader\source\mydirectx\14_frustum\engine\engine\debug\sound.obj
d:\workspace\shader\source\mydirectx\14_frustum\engine\engine\debug\systemclass.obj
d:\workspace\shader\source\mydirectx\14_frustum\engine\engine\debug\textclass.obj
d:\workspace\shader\source\mydirectx\14_frustum\engine\engine\debug\textureclass.obj
d:\workspace\shader\source\mydirectx\14_frustum\engine\engine\debug\textureshaderclass.obj
d:\workspace\shader\source\mydirectx\14_frustum\engine\engine\debug\lightshaderclass.obj.enc
d:\workspace\shader\source\mydirectx\14_frustum\engine\engine\debug\textureclass.obj.enc
d:\workspace\shader\source\mydirectx\14_frustum\engine\engine\debug\engine.ilk
d:\workspace\shader\source\mydirectx\14_frustum\engine\debug\engine.pdb
d:\workspace\shader\source\mydirectx\14_frustum\engine\debug\engine.exe
d:\workspace\shader\source\mydirectx\14_frustum\engine\engine\debug\engine.tlog\cl.command.1.tlog
d:\workspace\shader\source\mydirectx\14_frustum\engine\engine\debug\engine.tlog\cl.read.1.tlog
d:\workspace\shader\source\mydirectx\14_frustum\engine\engine\debug\engine.tlog\cl.write.1.tlog
d:\workspace\shader\source\mydirectx\14_frustum\engine\engine\debug\engine.tlog\link.command.1.tlog
d:\workspace\shader\source\mydirectx\14_frustum\engine\engine\debug\engine.tlog\link.read.1.tlog
d:\workspace\shader\source\mydirectx\14_frustum\engine\engine\debug\engine.tlog\link.write.1.tlog
