  applicationclass.cpp
D:\workspace\unity\Shader\MyDirectX\Terrian_Grid\Engine\Engine\applicationclass.cpp(58,27): warning C4316: 'D3DClass': 힙에 할당된 개체가 16에 맞추어져 있지 않을 수도 있습니다
D:\workspace\unity\Shader\MyDirectX\Terrian_Grid\Engine\Engine\applicationclass.cpp(73,28): warning C4316: 'CameraClass': 힙에 할당된 개체가 16에 맞추어져 있지 않을 수도 있습니다
D:\workspace\unity\Shader\MyDirectX\Terrian_Grid\Engine\Engine\applicationclass.cpp(182,24): warning C4316: 'TextClass': 힙에 할당된 개체가 16에 맞추어져 있지 않을 수도 있습니다
  cameraclass.cpp
  colorshaderclass.cpp
  cpuclass.cpp
  d3dclass.cpp
  코드를 생성하고 있습니다...
  컴파일하고 있습니다...
  fontclass.cpp
  fontshaderclass.cpp
  fpsclass.cpp
  inputclass.cpp
  main.cpp
  코드를 생성하고 있습니다...
  컴파일하고 있습니다...
  positionclass.cpp
  systemclass.cpp
  terrainclass.cpp
  textclass.cpp
  textureclass.cpp
D:\workspace\unity\Shader\MyDirectX\Terrian_Grid\Engine\Engine\textureclass.cpp(21,10): warning C4101: 'result' :참조되지 않은 지역 변수입니다.
  코드를 생성하고 있습니다...
  컴파일하고 있습니다...
  timerclass.cpp
  코드를 생성하고 있습니다...
  Engine.vcxproj -> D:\workspace\unity\Shader\MyDirectX\Terrian_Grid\Engine\Debug\Engine.exe
